Arguments: 
  D:\macro_tools\node\node.exe C:\Users\lizh285\AppData\Roaming\npm\node_modules\yarn\bin\yarn.js install

PATH: 
  D:\macro_tools\Git\mingw64\bin;D:\macro_tools\Git\usr\bin;C:\Users\lizh285\bin;C:\Program Files\Common Files\Oracle\Java\javapath;C:\Windows\system32;C:\Windows;C:\Windows\System32\Wbem;C:\Windows\System32\WindowsPowerShell\v1.0;C:\Windows\System32\OpenSSH;D:\macro_tools\node;D:\macro_tools\Git\cmd;D:\macro_tools\java\bin;D:\macro_tools\java\jre\bin;D:\macro_tools\python;D:\macro_tools\python\Scripts;D:\macro_tools\mysql\bin;C:\Program Files\dotnet;C:\Program Files\MySQL\MySQL Shell 8.0\bin;C:\Users\lizh285\AppData\Local\Microsoft\WindowsApps;C:\Program Files\Bandizip;C:\Users\lizh285\AppData\Roaming\npm;D:\macro_tools\WebStorm 2021.2\bin;D:\macro_tools\IntelliJ IDEA Community Edition 2021.2\bin;D:\macro_tools\Microsoft VS Code\bin;D:\code_store\PyCharm Community Edition 2020.3.2\bin;C:\Users\lizh285\.dotnet\tools

Yarn version: 
  1.22.10

Node version: 
  14.17.1

Platform: 
  win32 x64

Trace: 
  Error: https://github.com/web3-js/WebSocket-Node: ESOCKETTIMEDOUT
      at ClientRequest.<anonymous> (C:\Users\lizh285\AppData\Roaming\npm\node_modules\yarn\lib\cli.js:141289:19)
      at Object.onceWrapper (events.js:481:28)
      at ClientRequest.emit (events.js:375:28)
      at TLSSocket.emitRequestTimeout (_http_client.js:790:9)
      at Object.onceWrapper (events.js:481:28)
      at TLSSocket.emit (events.js:387:35)
      at TLSSocket.Socket._onTimeout (net.js:484:8)
      at listOnTimeout (internal/timers.js:557:17)
      at processTimers (internal/timers.js:500:7)

npm manifest: 
  {
    "name": "comunion-contract",
    "version": "1.0.0",
    "description": "comunion contract for v5+ version",
    "main": "truffle-config.js",
    "directories": {
      "test": "test"
    },
    "dependencies": {
      "@openzeppelin/contracts": "^3.4.1",
      "bip39": "^3.0.3",
      "ethereumjs-util": "^7.0.8",
      "ethereumjs-wallet": "^1.0.1",
      "fs-extra": "^4.0.3",
      "safemath": "^1.0.6",
      "secp256k1": "^4.0.2",
      "truffle-hdwallet-provider": "^1.0.17"
    },
    "scripts": {
      "compile": "truffle compile",
      "goerli": "truffle migrate --reset --network goerli",
      "develop": "truffle migrate",
      "remixd": "remixd -s   ./ --remix-ide  https://remix.ethereum.org",
      "test": "truffle test --network goerli"
    },
    "repository": {
      "type": "git",
      "url": "git@git.zhlh6.cn:comunion-io/comunion-contract.git"
    },
    "author": "zehui ys神",
    "license": "ISC"
  }

yarn manifest: 
  No manifest

Lockfile: 
  # THIS IS AN AUTOGENERATED FILE. DO NOT EDIT THIS FILE DIRECTLY.
  # yarn lockfile v1
